-------------------------------------------------------------------------------
Test set: TestSuite
-------------------------------------------------------------------------------
Tests run: 3, Failures: 1, Errors: 0, Skipped: 0, Time elapsed: 56.342 s <<< FAILURE! - in TestSuite
TestRuner.TestRunner.runScenario  Time elapsed: 12.684 s  <<< FAILURE!
java.lang.AssertionError: expected [https://smartbazaar.co.com/] but found [Smartbazaar â€“ World of Asian Foods]

